<?xml version="1.0" encoding="UTF-8"?>
<testsuite xmlns:xsi="http://www.w3.org/2001/XMLSchema-instance" xsi:noNamespaceSchemaLocation="https://maven.apache.org/surefire/maven-surefire-plugin/xsd/surefire-test-report.xsd" name="TestSuite" time="31.278" tests="2" errors="0" skipped="0" failures="2">
  <properties>
    <property name="java.runtime.name" value="Java(TM) SE Runtime Environment"/>
    <property name="sun.boot.library.path" value="C:\Program Files\Java\jdk1.8.0_101\jre\bin"/>
    <property name="java.vm.version" value="25.101-b13"/>
    <property name="java.vm.vendor" value="Oracle Corporation"/>
    <property name="maven.multiModuleProjectDirectory" value="C:\eclipse\exercise\task"/>
    <property name="java.vendor.url" value="http://java.oracle.com/"/>
    <property name="path.separator" value=";"/>
    <property name="guice.disable.misplaced.annotation.check" value="true"/>
    <property name="java.vm.name" value="Java HotSpot(TM) 64-Bit Server VM"/>
    <property name="file.encoding.pkg" value="sun.io"/>
    <property name="user.script" value=""/>
    <property name="user.country" value="US"/>
    <property name="sun.java.launcher" value="SUN_STANDARD"/>
    <property name="sun.os.patch.level" value=""/>
    <property name="java.vm.specification.name" value="Java Virtual Machine Specification"/>
    <property name="user.dir" value="C:\eclipse\exercise\task"/>
    <property name="java.runtime.version" value="1.8.0_101-b13"/>
    <property name="java.awt.graphicsenv" value="sun.awt.Win32GraphicsEnvironment"/>
    <property name="java.endorsed.dirs" value="C:\Program Files\Java\jdk1.8.0_101\jre\lib\endorsed"/>
    <property name="os.arch" value="amd64"/>
    <property name="java.io.tmpdir" value="C:\WINDOWS\TEMP\"/>
    <property name="line.separator" value="&#10;"/>
    <property name="java.vm.specification.vendor" value="Oracle Corporation"/>
    <property name="user.variant" value=""/>
    <property name="os.name" value="Windows 10"/>
    <property name="classworlds.conf" value="C:\Users\Arundoss\Downloads\apache-maven-3.3.9-bin\apache-maven-3.3.9\bin\m2.conf"/>
    <property name="sun.jnu.encoding" value="Cp1252"/>
    <property name="java.library.path" value="C:\Program Files\Java\jdk1.8.0_101\bin;C:\WINDOWS\Sun\Java\bin;C:\WINDOWS\system32;C:\WINDOWS;C:\ProgramData\Oracle\Java\javapath;C:\Program Files\Dell\DW WLAN Card;C:\Program Files (x86)\Intel\iCLS Client\;C:\Program Files\Intel\iCLS Client\;C:\Windows\system32;C:\Windows;C:\Windows\System32\Wbem;C:\Windows\System32\WindowsPowerShell\v1.0\;C:\Program Files (x86)\Intel\Intel(R) Management Engine Components\DAL;C:\Program Files\Intel\Intel(R) Management Engine Components\DAL;C:\Program Files (x86)\Intel\Intel(R) Management Engine Components\IPT;C:\Program Files\Intel\Intel(R) Management Engine Components\IPT;C:\Program Files (x86)\NVIDIA Corporation\PhysX\Common;C:\Program Files\WIDCOMM\Bluetooth Software\;C:\Program Files\WIDCOMM\Bluetooth Software\syswow64;C:\WINDOWS\system32;C:\WINDOWS;C:\WINDOWS\System32\Wbem;C:\WINDOWS\System32\WindowsPowerShell\v1.0\;C:\Program Files (x86)\Java\jdk1.8.0_101\bin;C:\Program Files\nodejs\;C:\Users\Arundoss\Downloads\apache-ant-1.9.7-bin\apache-ant-1.9.7\bin;C:\Users\Arundoss\Downloads\apache-maven-3.3.9-bin\apache-maven-3.3.9\bin;C:\Users\Arundoss\Downloads\android-sdk_r24.4.1-windows\android-sdk-windows\platform-tools\;C:\Users\Arundoss\Downloads\android-sdk_r24.4.1-windows\android-sdk-windows\tools\;C:\Program Files (x86)\Skype\Phone\;C:\Program Files\PuTTY\;C:\Program Files\Git\cmd;C:\WINDOWS\system32\config\systemprofile\AppData\Local\Microsoft\WindowsApps;."/>
    <property name="java.specification.name" value="Java Platform API Specification"/>
    <property name="java.class.version" value="52.0"/>
    <property name="sun.management.compiler" value="HotSpot 64-Bit Tiered Compilers"/>
    <property name="os.version" value="10.0"/>
    <property name="surefire.suiteXmlFiles" value="testng.xml"/>
    <property name="user.home" value="C:\WINDOWS\system32\config\systemprofile"/>
    <property name="user.timezone" value="Asia/Jerusalem"/>
    <property name="java.awt.printerjob" value="sun.awt.windows.WPrinterJob"/>
    <property name="java.specification.version" value="1.8"/>
    <property name="file.encoding" value="Cp1252"/>
    <property name="user.name" value="DESKTOP-K72D0KT$"/>
    <property name="java.class.path" value="C:\Users\Arundoss\Downloads\apache-maven-3.3.9-bin\apache-maven-3.3.9\boot\plexus-classworlds-2.5.2.jar"/>
    <property name="java.vm.specification.version" value="1.8"/>
    <property name="sun.arch.data.model" value="64"/>
    <property name="java.home" value="C:\Program Files\Java\jdk1.8.0_101\jre"/>
    <property name="sun.java.command" value="org.codehaus.plexus.classworlds.launcher.Launcher clean test -Dsurefire.suiteXmlFiles=testng.xml"/>
    <property name="java.specification.vendor" value="Oracle Corporation"/>
    <property name="user.language" value="en"/>
    <property name="awt.toolkit" value="sun.awt.windows.WToolkit"/>
    <property name="java.vm.info" value="mixed mode"/>
    <property name="java.version" value="1.8.0_101"/>
    <property name="java.ext.dirs" value="C:\Program Files\Java\jdk1.8.0_101\jre\lib\ext;C:\WINDOWS\Sun\Java\lib\ext"/>
    <property name="sun.boot.class.path" value="C:\Program Files\Java\jdk1.8.0_101\jre\lib\resources.jar;C:\Program Files\Java\jdk1.8.0_101\jre\lib\rt.jar;C:\Program Files\Java\jdk1.8.0_101\jre\lib\sunrsasign.jar;C:\Program Files\Java\jdk1.8.0_101\jre\lib\jsse.jar;C:\Program Files\Java\jdk1.8.0_101\jre\lib\jce.jar;C:\Program Files\Java\jdk1.8.0_101\jre\lib\charsets.jar;C:\Program Files\Java\jdk1.8.0_101\jre\lib\jfr.jar;C:\Program Files\Java\jdk1.8.0_101\jre\classes"/>
    <property name="java.vendor" value="Oracle Corporation"/>
    <property name="maven.home" value="C:\Users\Arundoss\Downloads\apache-maven-3.3.9-bin\apache-maven-3.3.9"/>
    <property name="file.separator" value="\"/>
    <property name="java.vendor.url.bug" value="http://bugreport.sun.com/bugreport/"/>
    <property name="sun.cpu.endian" value="little"/>
    <property name="sun.io.unicode.encoding" value="UnicodeLittle"/>
    <property name="sun.desktop" value="windows"/>
    <property name="sun.cpu.isalist" value="amd64"/>
  </properties>
  <testcase name="login" classname="com.experitest.reporter.task.Login" time="1.221">
    <failure message="no such element (An element could not be located on the page using the given search parameters (XPATH=&apos;//*[@text=&apos;Login&apos;]&apos;))  (WARNING: The server did not provide any stacktrace information)&#10;Command duration or timeout: 1.83 seconds&#10;For documentation on this error, please visit: http://seleniumhq.org/exceptions/no_such_element.html&#10;Build info: version: &apos;2.53.1&apos;, revision: &apos;a36b8b1cd5757287168e54b817830adce9b0158d&apos;, time: &apos;2016-06-30 19:26:09&apos;&#10;System info: host: &apos;DESKTOP-K72D0KT&apos;, ip: &apos;192.168.1.129&apos;, os.name: &apos;Windows 10&apos;, os.arch: &apos;amd64&apos;, os.version: &apos;10.0&apos;, java.version: &apos;1.8.0_101&apos;&#10;Driver info: io.appium.java_client.ios.IOSDriver&#10;Capabilities [{device.majorVersion=10.x, dontGoHomeOnQuit=false, device.os=iOS, noReset=false, dontStopAppOnReset=false, reservationDuration=240, reportFormat=xml, fullReset=false, platform=ANY, desired={build.id=7, deviceQuery=@os=&apos;ios&apos; and @category=&apos;PHONE&apos;, reportDirectory=reports, reportFormat=xml, platformName=iOS, testName=Untitled}, device.serialNumber=7dc39287e84ae7c6f1459f9ba1b8e7d84a8fd002, device.version=10.2.1, deviceQuery=@os=&apos;ios&apos; and @category=&apos;PHONE&apos;, automationName=XCUITest, reportDirectory=reports, autoWebview=false, platformName=iOS, testName=Untitled, device.screenSize=1242x2208, useKeystore=false, build.id=7, cloudViewLink=http://stage.experitest.com:80/agent-15/#/0uP5wIhHLZd5X6yX?1&#10;Picked up Grid Node (seetest_7777)&#10;Reserved Device :  iPhone6s-plus_B16 - Hexaware, device.manufacture=Apple, instrumentApp=false, device.category=PHONE, autoDismissAlerts=false, reportUrl=/private/var/folders/zz/zyxvpxvq6csfxvn_n0000000000000/T/headless/CLOUD-SID_2017-09-24_21-13-19-dd4c20cc-d125-461e-aea5-809f3062b084/9588870b-79cf-4c37-80f4-585b485f4ae0, keystorePath=~/.android/debug.keystore, waitForDeviceTimeout=120000, device.model=iPhone 6s+, device.name= iPhone6s-plus_B16 - Hexaware, projectName=, gridNodePort=7777, autoAcceptAlerts=false}]&#10;Session ID: CLOUD-SID:2017-09-24_21-13-19-dd4c20cc-d125-461e-aea5-809f3062b084&#10;*** Element info: {Using=xpath, value=//*[@text=&apos;Login&apos;]}" type="org.openqa.selenium.NoSuchElementException">org.openqa.selenium.NoSuchElementException: 
no such element (An element could not be located on the page using the given search parameters (XPATH='//*[@text='Login']'))  (WARNING: The server did not provide any stacktrace information)
Command duration or timeout: 1.83 seconds
For documentation on this error, please visit: http://seleniumhq.org/exceptions/no_such_element.html
Build info: version: '2.53.1', revision: 'a36b8b1cd5757287168e54b817830adce9b0158d', time: '2016-06-30 19:26:09'
System info: host: 'DESKTOP-K72D0KT', ip: '192.168.1.129', os.name: 'Windows 10', os.arch: 'amd64', os.version: '10.0', java.version: '1.8.0_101'
Driver info: io.appium.java_client.ios.IOSDriver
Capabilities [{device.majorVersion=10.x, dontGoHomeOnQuit=false, device.os=iOS, noReset=false, dontStopAppOnReset=false, reservationDuration=240, reportFormat=xml, fullReset=false, platform=ANY, desired={build.id=7, deviceQuery=@os='ios' and @category='PHONE', reportDirectory=reports, reportFormat=xml, platformName=iOS, testName=Untitled}, device.serialNumber=7dc39287e84ae7c6f1459f9ba1b8e7d84a8fd002, device.version=10.2.1, deviceQuery=@os='ios' and @category='PHONE', automationName=XCUITest, reportDirectory=reports, autoWebview=false, platformName=iOS, testName=Untitled, device.screenSize=1242x2208, useKeystore=false, build.id=7, cloudViewLink=http://stage.experitest.com:80/agent-15/#/0uP5wIhHLZd5X6yX?1
Picked up Grid Node (seetest_7777)
Reserved Device :  iPhone6s-plus_B16 - Hexaware, device.manufacture=Apple, instrumentApp=false, device.category=PHONE, autoDismissAlerts=false, reportUrl=/private/var/folders/zz/zyxvpxvq6csfxvn_n0000000000000/T/headless/CLOUD-SID_2017-09-24_21-13-19-dd4c20cc-d125-461e-aea5-809f3062b084/9588870b-79cf-4c37-80f4-585b485f4ae0, keystorePath=~/.android/debug.keystore, waitForDeviceTimeout=120000, device.model=iPhone 6s+, device.name= iPhone6s-plus_B16 - Hexaware, projectName=, gridNodePort=7777, autoAcceptAlerts=false}]
Session ID: CLOUD-SID:2017-09-24_21-13-19-dd4c20cc-d125-461e-aea5-809f3062b084
*** Element info: {Using=xpath, value=//*[@text='Login']}
	at com.experitest.reporter.task.Login.login(Login.java:13)
</failure>
    <system-out><![CDATA[iOS
iOS
]]></system-out>
  </testcase>
  <testcase name="login" classname="com.experitest.reporter.task.Login" time="2.658">
    <failure message="no such element (An element could not be located on the page using the given search parameters (XPATH=&apos;//*[@placeholder=&apos;Username&apos;]&apos;))  (WARNING: The server did not provide any stacktrace information)&#10;Command duration or timeout: 2.65 seconds&#10;For documentation on this error, please visit: http://seleniumhq.org/exceptions/no_such_element.html&#10;Build info: version: &apos;2.53.1&apos;, revision: &apos;a36b8b1cd5757287168e54b817830adce9b0158d&apos;, time: &apos;2016-06-30 19:26:09&apos;&#10;System info: host: &apos;DESKTOP-K72D0KT&apos;, ip: &apos;192.168.1.129&apos;, os.name: &apos;Windows 10&apos;, os.arch: &apos;amd64&apos;, os.version: &apos;10.0&apos;, java.version: &apos;1.8.0_101&apos;&#10;Driver info: io.appium.java_client.ios.IOSDriver&#10;Capabilities [{device.majorVersion=9.x, dontGoHomeOnQuit=false, device.os=iOS, noReset=false, dontStopAppOnReset=false, reservationDuration=240, reportFormat=xml, fullReset=false, platform=ANY, desired={build.id=7, deviceQuery=@os=&apos;ios&apos; and @category=&apos;PHONE&apos;, reportDirectory=reports, reportFormat=xml, platformName=iOS, testName=Untitled}, device.serialNumber=d8b8474d72897e5dff1ad04c3c4c05a04b5a43b1, device.version=9.3.1, deviceQuery=@os=&apos;ios&apos; and @category=&apos;PHONE&apos;, automationName=XCUITest, reportDirectory=reports, autoWebview=false, platformName=iOS, testName=Untitled, device.screenSize=640x1136, useKeystore=false, build.id=7, cloudViewLink=http://stage.experitest.com:80/agent-15/#/wroO3MqXNVhEu2VP?1&#10;Picked up Grid Node (seetest_7778)&#10;Reserved Device : iPhone5s_B0040, device.manufacture=Apple, instrumentApp=false, device.category=PHONE, autoDismissAlerts=false, reportUrl=/private/var/folders/zz/zyxvpxvq6csfxvn_n0000000000000/T/headless/CLOUD-SID_2017-09-24_21-13-19-7277b544-bfe5-4dff-9bcf-6975dda65908/a6af6a04-aebe-4573-bca0-c637e6d6e4c7, keystorePath=~/.android/debug.keystore, waitForDeviceTimeout=120000, device.model=iPhone 5s, device.name=iPhone5s_B0040, projectName=, gridNodePort=7778, autoAcceptAlerts=false}]&#10;Session ID: CLOUD-SID:2017-09-24_21-13-19-7277b544-bfe5-4dff-9bcf-6975dda65908&#10;*** Element info: {Using=xpath, value=//*[@placeholder=&apos;Username&apos;]}" type="org.openqa.selenium.NoSuchElementException">org.openqa.selenium.NoSuchElementException: 
no such element (An element could not be located on the page using the given search parameters (XPATH='//*[@placeholder='Username']'))  (WARNING: The server did not provide any stacktrace information)
Command duration or timeout: 2.65 seconds
For documentation on this error, please visit: http://seleniumhq.org/exceptions/no_such_element.html
Build info: version: '2.53.1', revision: 'a36b8b1cd5757287168e54b817830adce9b0158d', time: '2016-06-30 19:26:09'
System info: host: 'DESKTOP-K72D0KT', ip: '192.168.1.129', os.name: 'Windows 10', os.arch: 'amd64', os.version: '10.0', java.version: '1.8.0_101'
Driver info: io.appium.java_client.ios.IOSDriver
Capabilities [{device.majorVersion=9.x, dontGoHomeOnQuit=false, device.os=iOS, noReset=false, dontStopAppOnReset=false, reservationDuration=240, reportFormat=xml, fullReset=false, platform=ANY, desired={build.id=7, deviceQuery=@os='ios' and @category='PHONE', reportDirectory=reports, reportFormat=xml, platformName=iOS, testName=Untitled}, device.serialNumber=d8b8474d72897e5dff1ad04c3c4c05a04b5a43b1, device.version=9.3.1, deviceQuery=@os='ios' and @category='PHONE', automationName=XCUITest, reportDirectory=reports, autoWebview=false, platformName=iOS, testName=Untitled, device.screenSize=640x1136, useKeystore=false, build.id=7, cloudViewLink=http://stage.experitest.com:80/agent-15/#/wroO3MqXNVhEu2VP?1
Picked up Grid Node (seetest_7778)
Reserved Device : iPhone5s_B0040, device.manufacture=Apple, instrumentApp=false, device.category=PHONE, autoDismissAlerts=false, reportUrl=/private/var/folders/zz/zyxvpxvq6csfxvn_n0000000000000/T/headless/CLOUD-SID_2017-09-24_21-13-19-7277b544-bfe5-4dff-9bcf-6975dda65908/a6af6a04-aebe-4573-bca0-c637e6d6e4c7, keystorePath=~/.android/debug.keystore, waitForDeviceTimeout=120000, device.model=iPhone 5s, device.name=iPhone5s_B0040, projectName=, gridNodePort=7778, autoAcceptAlerts=false}]
Session ID: CLOUD-SID:2017-09-24_21-13-19-7277b544-bfe5-4dff-9bcf-6975dda65908
*** Element info: {Using=xpath, value=//*[@placeholder='Username']}
	at com.experitest.reporter.task.Login.login(Login.java:11)
</failure>
  </testcase>
</testsuite>