<?xml version="1.0" encoding="UTF-8"?>
<!-- Generated by org.testng.reporters.JUnitReportReporter -->
<testsuite hostname="DESKTOP-K72D0KT" name="com.experitest.reporter.task.Login" tests="2" failures="0" timestamp="11 Oct 2017 21:14:20 GMT" time="31.073" errors="0">
  <testcase name="login" time="15.791" classname="com.experitest.reporter.task.Login"/>
  <testcase name="login" time="15.282" classname="com.experitest.reporter.task.Login"/>
</testsuite> <!-- com.experitest.reporter.task.Login -->
