<?xml version="1.0" encoding="UTF-8"?>
<!-- Generated by org.testng.reporters.JUnitReportReporter -->
<testsuite hostname="DESKTOP-K72D0KT" name="com.experitest.reporter.task.Login" tests="5" failures="0" timestamp="25 Oct 2017 07:47:51 GMT" time="94.496" errors="1">
  <testcase name="login" time="20.509" classname="com.experitest.reporter.task.Login"/>
  <testcase name="login" time="16.648" classname="com.experitest.reporter.task.Login">
    <error type="org.openqa.selenium.NoSuchElementException" message="no such element (An element could not be located on the page using the given search parameters (XPATH=&#039;//*[@text=&#039;Logout&#039;]&#039;))  (WARNING: The server did not provide any stacktrace information)
Command duration or timeout: 1.77 seconds
For documentation on this error, please visit: http://seleniumhq.org/exceptions/no_such_element.html
Build info: version: &#039;2.53.1&#039;, revision: &#039;a36b8b1cd5757287168e54b817830adce9b0158d&#039;, time: &#039;2016-06-30 19:26:09&#039;
System info: host: &#039;DESKTOP-K72D0KT&#039;, ip: &#039;192.168.1.111&#039;, os.name: &#039;Windows 10&#039;, os.arch: &#039;amd64&#039;, os.version: &#039;10.0&#039;, java.version: &#039;1.8.0_101&#039;
Driver info: io.appium.java_client.ios.IOSDriver
Capabilities [{device.majorVersion=10.x, dontGoHomeOnQuit=false, device.os=iOS, noReset=false, dontStopAppOnReset=false, reservationDuration=240, reportFormat=xml, TestType=Guy_Reporter_Task, fullReset=false, platform=ANY, desired={app=cloud:com.experitest.ExperiBank, build.id=16, deviceQuery=@os=&#039;ios&#039; and @category=&#039;PHONE&#039;, instrumentApp=true, bundleId=com.experitest.ExperiBank, reportDirectory=reports, reportFormat=xml, TestType=Guy_Reporter_Task, projectName=Default, platformName=iOS, testName=Arundoss_reporter_tests}, device.serialNumber=434b5c60cf11b9a3355cc1f732fc8b36b2eddbf6, device.version=10.3.3, deviceQuery=@os=&#039;ios&#039; and @category=&#039;PHONE&#039;, automationName=XCUITest, reportDirectory=reports, autoWebview=false, platformName=iOS, testName=Arundoss_reporter_tests, device.screenSize=750x1334, useKeystore=false, app=cloud:com.experitest.ExperiBank, build.id=16, cloudViewLink=http://stage.experitest.com:80/agent-15/#/nbMIkdnnrcdhuHLU?1
Picked up Grid Node (seetest_7777)
Reserved Device : iPhone6_B04, instrumentApp=true, device.manufacture=Apple, device.category=PHONE, bundleId=cloud:com.experitest.ExperiBank, autoDismissAlerts=false, reportUrl=http://stage-reporter.experitest.com:80/#/test/3226, keystorePath=~/.android/debug.keystore, waitForDeviceTimeout=120000, device.model=iPhone 6, device.name=iPhone6_B04, projectName=Default, gridNodePort=7777, autoAcceptAlerts=false}]
Session ID: CLOUD-SID:2017-10-25_10-45-25-2272f150-3659-42a2-a336-168a98f43c2f
*** Element info: {Using=xpath, value=//*[@text=&#039;Logout&#039;]}">
      <![CDATA[org.openqa.selenium.NoSuchElementException: no such element (An element could not be located on the page using the given search parameters (XPATH='//*[@text='Logout']'))  (WARNING: The server did not provide any stacktrace information)
Command duration or timeout: 1.77 seconds
For documentation on this error, please visit: http://seleniumhq.org/exceptions/no_such_element.html
Build info: version: '2.53.1', revision: 'a36b8b1cd5757287168e54b817830adce9b0158d', time: '2016-06-30 19:26:09'
System info: host: 'DESKTOP-K72D0KT', ip: '192.168.1.111', os.name: 'Windows 10', os.arch: 'amd64', os.version: '10.0', java.version: '1.8.0_101'
Driver info: io.appium.java_client.ios.IOSDriver
Capabilities [{device.majorVersion=10.x, dontGoHomeOnQuit=false, device.os=iOS, noReset=false, dontStopAppOnReset=false, reservationDuration=240, reportFormat=xml, TestType=Guy_Reporter_Task, fullReset=false, platform=ANY, desired={app=cloud:com.experitest.ExperiBank, build.id=16, deviceQuery=@os='ios' and @category='PHONE', instrumentApp=true, bundleId=com.experitest.ExperiBank, reportDirectory=reports, reportFormat=xml, TestType=Guy_Reporter_Task, projectName=Default, platformName=iOS, testName=Arundoss_reporter_tests}, device.serialNumber=434b5c60cf11b9a3355cc1f732fc8b36b2eddbf6, device.version=10.3.3, deviceQuery=@os='ios' and @category='PHONE', automationName=XCUITest, reportDirectory=reports, autoWebview=false, platformName=iOS, testName=Arundoss_reporter_tests, device.screenSize=750x1334, useKeystore=false, app=cloud:com.experitest.ExperiBank, build.id=16, cloudViewLink=http://stage.experitest.com:80/agent-15/#/nbMIkdnnrcdhuHLU?1
Picked up Grid Node (seetest_7777)
Reserved Device : iPhone6_B04, instrumentApp=true, device.manufacture=Apple, device.category=PHONE, bundleId=cloud:com.experitest.ExperiBank, autoDismissAlerts=false, reportUrl=http://stage-reporter.experitest.com:80/#/test/3226, keystorePath=~/.android/debug.keystore, waitForDeviceTimeout=120000, device.model=iPhone 6, device.name=iPhone6_B04, projectName=Default, gridNodePort=7777, autoAcceptAlerts=false}]
Session ID: CLOUD-SID:2017-10-25_10-45-25-2272f150-3659-42a2-a336-168a98f43c2f
*** Element info: {Using=xpath, value=//*[@text='Logout']}
	at sun.reflect.NativeConstructorAccessorImpl.newInstance0(Native Method)
	at sun.reflect.NativeConstructorAccessorImpl.newInstance(NativeConstructorAccessorImpl.java:62)
	at sun.reflect.DelegatingConstructorAccessorImpl.newInstance(DelegatingConstructorAccessorImpl.java:45)
	at java.lang.reflect.Constructor.newInstance(Constructor.java:423)
	at org.openqa.selenium.remote.ErrorHandler.createThrowable(ErrorHandler.java:206)
	at org.openqa.selenium.remote.ErrorHandler.throwIfResponseFailed(ErrorHandler.java:158)
	at org.openqa.selenium.remote.RemoteWebDriver.execute(RemoteWebDriver.java:678)
	at io.appium.java_client.DefaultGenericMobileDriver.execute(DefaultGenericMobileDriver.java:40)
	at io.appium.java_client.AppiumDriver.execute(AppiumDriver.java:1)
	at io.appium.java_client.ios.IOSDriver.execute(IOSDriver.java:1)
	at org.openqa.selenium.remote.RemoteWebDriver.findElement(RemoteWebDriver.java:363)
	at io.appium.java_client.DefaultGenericMobileDriver.findElement(DefaultGenericMobileDriver.java:56)
	at io.appium.java_client.AppiumDriver.findElement(AppiumDriver.java:1)
	at io.appium.java_client.ios.IOSDriver.findElement(IOSDriver.java:1)
	at org.openqa.selenium.remote.RemoteWebDriver.findElementByXPath(RemoteWebDriver.java:500)
	at io.appium.java_client.DefaultGenericMobileDriver.findElementByXPath(DefaultGenericMobileDriver.java:134)
	at io.appium.java_client.AppiumDriver.findElementByXPath(AppiumDriver.java:1)
	at io.appium.java_client.ios.IOSDriver.findElementByXPath(IOSDriver.java:1)
	at org.openqa.selenium.By$ByXPath.findElement(By.java:361)
	at org.openqa.selenium.remote.RemoteWebDriver.findElement(RemoteWebDriver.java:355)
	at io.appium.java_client.DefaultGenericMobileDriver.findElement(DefaultGenericMobileDriver.java:52)
	at io.appium.java_client.AppiumDriver.findElement(AppiumDriver.java:1)
	at io.appium.java_client.ios.IOSDriver.findElement(IOSDriver.java:1)
	at com.experitest.reporter.task.Login.login(Login.java:23)
	at sun.reflect.NativeMethodAccessorImpl.invoke0(Native Method)
	at sun.reflect.NativeMethodAccessorImpl.invoke(NativeMethodAccessorImpl.java:62)
	at sun.reflect.DelegatingMethodAccessorImpl.invoke(DelegatingMethodAccessorImpl.java:43)
	at java.lang.reflect.Method.invoke(Method.java:498)
	at org.testng.internal.MethodInvocationHelper.invokeMethod(MethodInvocationHelper.java:86)
	at org.testng.internal.Invoker.invokeMethod(Invoker.java:643)
	at org.testng.internal.Invoker.invokeTestMethod(Invoker.java:820)
	at org.testng.internal.Invoker.invokeTestMethods(Invoker.java:1128)
	at org.testng.internal.TestMethodWorker.invokeTestMethods(TestMethodWorker.java:129)
	at org.testng.internal.TestMethodWorker.run(TestMethodWorker.java:112)
	at org.testng.TestRunner.privateRun(TestRunner.java:782)
	at org.testng.TestRunner.run(TestRunner.java:632)
	at org.testng.SuiteRunner.runTest(SuiteRunner.java:366)
	at org.testng.SuiteRunner.access$000(SuiteRunner.java:39)
	at org.testng.SuiteRunner$SuiteWorker.run(SuiteRunner.java:400)
	at org.testng.internal.thread.ThreadUtil$2.call(ThreadUtil.java:64)
	at java.util.concurrent.FutureTask.run(FutureTask.java:266)
	at java.util.concurrent.ThreadPoolExecutor.runWorker(ThreadPoolExecutor.java:1142)
	at java.util.concurrent.ThreadPoolExecutor$Worker.run(ThreadPoolExecutor.java:617)
	at java.lang.Thread.run(Thread.java:745)
]]>
    </error>
  </testcase> <!-- login -->
  <testcase name="login" time="21.154" classname="com.experitest.reporter.task.Login"/>
  <testcase name="login" time="17.234" classname="com.experitest.reporter.task.Login"/>
  <testcase name="login" time="18.951" classname="com.experitest.reporter.task.Login"/>
</testsuite> <!-- com.experitest.reporter.task.Login -->
