<?xml version="1.0" encoding="UTF-8"?>
<!-- Generated by org.testng.reporters.JUnitReportReporter -->
<testsuite hostname="DESKTOP-K72D0KT" name="com.experitest.reporter.task.Login" tests="2" failures="0" timestamp="11 Oct 2017 22:09:24 GMT" time="30.076" errors="1">
  <testcase name="login" time="14.916" classname="com.experitest.reporter.task.Login"/>
  <testcase name="login" time="15.160" classname="com.experitest.reporter.task.Login">
    <error type="org.openqa.selenium.NoSuchElementException" message="no such element (An element could not be located on the page using the given search parameters (XPATH=&#039;//*[@text=&#039;Logout&#039;]&#039;))  (WARNING: The server did not provide any stacktrace information)
Command duration or timeout: 1.57 seconds
For documentation on this error, please visit: http://seleniumhq.org/exceptions/no_such_element.html
Build info: version: &#039;2.53.1&#039;, revision: &#039;a36b8b1cd5757287168e54b817830adce9b0158d&#039;, time: &#039;2016-06-30 19:26:09&#039;
System info: host: &#039;DESKTOP-K72D0KT&#039;, ip: &#039;192.168.2.165&#039;, os.name: &#039;Windows 10&#039;, os.arch: &#039;amd64&#039;, os.version: &#039;10.0&#039;, java.version: &#039;1.8.0_101&#039;
Driver info: io.appium.java_client.ios.IOSDriver
Capabilities [{device.majorVersion=10.x, dontGoHomeOnQuit=false, device.os=iOS, noReset=false, dontStopAppOnReset=false, reservationDuration=240, reportFormat=xml, TestType=Reporter, fullReset=false, platform=ANY, desired={app=cloud:com.experitest.ExperiBank, build.id=14, deviceQuery=@os=&#039;ios&#039; and @category=&#039;PHONE&#039;, instrumentApp=true, bundleId=com.experitest.ExperiBank, reportDirectory=reports, reportFormat=xml, TestType=Reporter, projectName=Default, platformName=iOS, testName=Arundoss_reporter_tests}, device.serialNumber=1e3289cb21bbb133c149e1e8529bde19dc31b91a, device.version=10.2.1, deviceQuery=@os=&#039;ios&#039; and @category=&#039;PHONE&#039;, automationName=XCUITest, reportDirectory=reports, autoWebview=false, platformName=iOS, testName=Arundoss_reporter_tests, device.screenSize=640x1136, useKeystore=false, app=cloud:com.experitest.ExperiBank, build.id=14, cloudViewLink=http://stage.experitest.com:80/agent-20/#/EDSvCpZFmj1YIfDy?1
Picked up Grid Node (seetest_7777)
Reserved Device : iPhone5_B13, instrumentApp=true, device.manufacture=Apple, device.category=PHONE, bundleId=cloud:com.experitest.ExperiBank, autoDismissAlerts=false, reportUrl=http://stage-reporter.experitest.com:80/#/test/2519, keystorePath=~/.android/debug.keystore, waitForDeviceTimeout=120000, device.model=iPhone 5s, device.name=iPhone5_B13, projectName=Default, gridNodePort=7777, autoAcceptAlerts=false}]
Session ID: CLOUD-SID:2017-10-12_01-07-51-93058af7-abec-4a85-b26f-2c4e782de61f
*** Element info: {Using=xpath, value=//*[@text=&#039;Logout&#039;]}">
      <![CDATA[org.openqa.selenium.NoSuchElementException: no such element (An element could not be located on the page using the given search parameters (XPATH='//*[@text='Logout']'))  (WARNING: The server did not provide any stacktrace information)
Command duration or timeout: 1.57 seconds
For documentation on this error, please visit: http://seleniumhq.org/exceptions/no_such_element.html
Build info: version: '2.53.1', revision: 'a36b8b1cd5757287168e54b817830adce9b0158d', time: '2016-06-30 19:26:09'
System info: host: 'DESKTOP-K72D0KT', ip: '192.168.2.165', os.name: 'Windows 10', os.arch: 'amd64', os.version: '10.0', java.version: '1.8.0_101'
Driver info: io.appium.java_client.ios.IOSDriver
Capabilities [{device.majorVersion=10.x, dontGoHomeOnQuit=false, device.os=iOS, noReset=false, dontStopAppOnReset=false, reservationDuration=240, reportFormat=xml, TestType=Reporter, fullReset=false, platform=ANY, desired={app=cloud:com.experitest.ExperiBank, build.id=14, deviceQuery=@os='ios' and @category='PHONE', instrumentApp=true, bundleId=com.experitest.ExperiBank, reportDirectory=reports, reportFormat=xml, TestType=Reporter, projectName=Default, platformName=iOS, testName=Arundoss_reporter_tests}, device.serialNumber=1e3289cb21bbb133c149e1e8529bde19dc31b91a, device.version=10.2.1, deviceQuery=@os='ios' and @category='PHONE', automationName=XCUITest, reportDirectory=reports, autoWebview=false, platformName=iOS, testName=Arundoss_reporter_tests, device.screenSize=640x1136, useKeystore=false, app=cloud:com.experitest.ExperiBank, build.id=14, cloudViewLink=http://stage.experitest.com:80/agent-20/#/EDSvCpZFmj1YIfDy?1
Picked up Grid Node (seetest_7777)
Reserved Device : iPhone5_B13, instrumentApp=true, device.manufacture=Apple, device.category=PHONE, bundleId=cloud:com.experitest.ExperiBank, autoDismissAlerts=false, reportUrl=http://stage-reporter.experitest.com:80/#/test/2519, keystorePath=~/.android/debug.keystore, waitForDeviceTimeout=120000, device.model=iPhone 5s, device.name=iPhone5_B13, projectName=Default, gridNodePort=7777, autoAcceptAlerts=false}]
Session ID: CLOUD-SID:2017-10-12_01-07-51-93058af7-abec-4a85-b26f-2c4e782de61f
*** Element info: {Using=xpath, value=//*[@text='Logout']}
	at sun.reflect.NativeConstructorAccessorImpl.newInstance0(Native Method)
	at sun.reflect.NativeConstructorAccessorImpl.newInstance(NativeConstructorAccessorImpl.java:62)
	at sun.reflect.DelegatingConstructorAccessorImpl.newInstance(DelegatingConstructorAccessorImpl.java:45)
	at java.lang.reflect.Constructor.newInstance(Constructor.java:423)
	at org.openqa.selenium.remote.ErrorHandler.createThrowable(ErrorHandler.java:206)
	at org.openqa.selenium.remote.ErrorHandler.throwIfResponseFailed(ErrorHandler.java:158)
	at org.openqa.selenium.remote.RemoteWebDriver.execute(RemoteWebDriver.java:678)
	at io.appium.java_client.DefaultGenericMobileDriver.execute(DefaultGenericMobileDriver.java:40)
	at io.appium.java_client.AppiumDriver.execute(AppiumDriver.java:1)
	at io.appium.java_client.ios.IOSDriver.execute(IOSDriver.java:1)
	at org.openqa.selenium.remote.RemoteWebDriver.findElement(RemoteWebDriver.java:363)
	at io.appium.java_client.DefaultGenericMobileDriver.findElement(DefaultGenericMobileDriver.java:56)
	at io.appium.java_client.AppiumDriver.findElement(AppiumDriver.java:1)
	at io.appium.java_client.ios.IOSDriver.findElement(IOSDriver.java:1)
	at org.openqa.selenium.remote.RemoteWebDriver.findElementByXPath(RemoteWebDriver.java:500)
	at io.appium.java_client.DefaultGenericMobileDriver.findElementByXPath(DefaultGenericMobileDriver.java:134)
	at io.appium.java_client.AppiumDriver.findElementByXPath(AppiumDriver.java:1)
	at io.appium.java_client.ios.IOSDriver.findElementByXPath(IOSDriver.java:1)
	at org.openqa.selenium.By$ByXPath.findElement(By.java:361)
	at org.openqa.selenium.remote.RemoteWebDriver.findElement(RemoteWebDriver.java:355)
	at io.appium.java_client.DefaultGenericMobileDriver.findElement(DefaultGenericMobileDriver.java:52)
	at io.appium.java_client.AppiumDriver.findElement(AppiumDriver.java:1)
	at io.appium.java_client.ios.IOSDriver.findElement(IOSDriver.java:1)
	at com.experitest.reporter.task.Login.login(Login.java:23)
	at sun.reflect.NativeMethodAccessorImpl.invoke0(Native Method)
	at sun.reflect.NativeMethodAccessorImpl.invoke(NativeMethodAccessorImpl.java:62)
	at sun.reflect.DelegatingMethodAccessorImpl.invoke(DelegatingMethodAccessorImpl.java:43)
	at java.lang.reflect.Method.invoke(Method.java:498)
	at org.testng.internal.MethodInvocationHelper.invokeMethod(MethodInvocationHelper.java:86)
	at org.testng.internal.Invoker.invokeMethod(Invoker.java:643)
	at org.testng.internal.Invoker.invokeTestMethod(Invoker.java:820)
	at org.testng.internal.Invoker.invokeTestMethods(Invoker.java:1128)
	at org.testng.internal.TestMethodWorker.invokeTestMethods(TestMethodWorker.java:129)
	at org.testng.internal.TestMethodWorker.run(TestMethodWorker.java:112)
	at org.testng.TestRunner.privateRun(TestRunner.java:782)
	at org.testng.TestRunner.run(TestRunner.java:632)
	at org.testng.SuiteRunner.runTest(SuiteRunner.java:366)
	at org.testng.SuiteRunner.access$000(SuiteRunner.java:39)
	at org.testng.SuiteRunner$SuiteWorker.run(SuiteRunner.java:400)
	at org.testng.internal.thread.ThreadUtil$2.call(ThreadUtil.java:64)
	at java.util.concurrent.FutureTask.run(FutureTask.java:266)
	at java.util.concurrent.ThreadPoolExecutor.runWorker(ThreadPoolExecutor.java:1142)
	at java.util.concurrent.ThreadPoolExecutor$Worker.run(ThreadPoolExecutor.java:617)
	at java.lang.Thread.run(Thread.java:745)
]]>
    </error>
  </testcase> <!-- login -->
</testsuite> <!-- com.experitest.reporter.task.Login -->
