<?xml version="1.0" encoding="UTF-8"?>
<!-- Generated by org.testng.reporters.JUnitReportReporter -->
<testsuite hostname="DESKTOP-K72D0KT" name="com.experitest.reporter.task.Login" tests="2" failures="0" timestamp="11 Oct 2017 20:41:02 GMT" time="38.024" errors="2">
  <testcase name="login" time="20.539" classname="com.experitest.reporter.task.Login">
    <error type="org.openqa.selenium.NoSuchElementException" message="no such element (An element could not be located on the page using the given search parameters (TAG_NAME=&#039;H1&#039;))  (WARNING: The server did not provide any stacktrace information)
Command duration or timeout: 1.96 seconds
For documentation on this error, please visit: http://seleniumhq.org/exceptions/no_such_element.html
Build info: version: &#039;2.53.1&#039;, revision: &#039;a36b8b1cd5757287168e54b817830adce9b0158d&#039;, time: &#039;2016-06-30 19:26:09&#039;
System info: host: &#039;DESKTOP-K72D0KT&#039;, ip: &#039;192.168.2.165&#039;, os.name: &#039;Windows 10&#039;, os.arch: &#039;amd64&#039;, os.version: &#039;10.0&#039;, java.version: &#039;1.8.0_101&#039;
Driver info: io.appium.java_client.ios.IOSDriver
Capabilities [{device.majorVersion=10.x, dontGoHomeOnQuit=false, device.os=iOS, noReset=false, dontStopAppOnReset=false, reservationDuration=240, reportFormat=xml, fullReset=false, platform=ANY, desired={app=cloud:com.experitest.ExperiBank, build.id=11, deviceQuery=@os=&#039;ios&#039; and @category=&#039;PHONE&#039;, instrumentApp=true, bundleId=com.experitest.ExperiBank, reportDirectory=reports, reportFormat=xml, projectName=Default, platformName=iOS, testName=Untitled}, device.serialNumber=1e3289cb21bbb133c149e1e8529bde19dc31b91a, device.version=10.2.1, deviceQuery=@os=&#039;ios&#039; and @category=&#039;PHONE&#039;, automationName=XCUITest, reportDirectory=reports, autoWebview=false, platformName=iOS, testName=Untitled, device.screenSize=640x1136, useKeystore=false, app=cloud:com.experitest.ExperiBank, build.id=11, cloudViewLink=http://stage.experitest.com:80/agent-20/#/xI4Te3gX3hFWG98v?1
Picked up Grid Node (seetest_7777)
Reserved Device : iPhone5_B13, instrumentApp=true, device.manufacture=Apple, device.category=PHONE, bundleId=cloud:com.experitest.ExperiBank, autoDismissAlerts=false, reportUrl=http://stage-reporter.experitest.com:80/#/test/2513, keystorePath=~/.android/debug.keystore, waitForDeviceTimeout=120000, device.model=iPhone 5s, device.name=iPhone5_B13, projectName=Default, gridNodePort=7777, autoAcceptAlerts=false}]
Session ID: CLOUD-SID:2017-10-11_23-39-25-ad1e1572-36da-4a91-a02b-048b5b7aa25c
*** Element info: {Using=tag name, value=H1}">
      <![CDATA[org.openqa.selenium.NoSuchElementException: no such element (An element could not be located on the page using the given search parameters (TAG_NAME='H1'))  (WARNING: The server did not provide any stacktrace information)
Command duration or timeout: 1.96 seconds
For documentation on this error, please visit: http://seleniumhq.org/exceptions/no_such_element.html
Build info: version: '2.53.1', revision: 'a36b8b1cd5757287168e54b817830adce9b0158d', time: '2016-06-30 19:26:09'
System info: host: 'DESKTOP-K72D0KT', ip: '192.168.2.165', os.name: 'Windows 10', os.arch: 'amd64', os.version: '10.0', java.version: '1.8.0_101'
Driver info: io.appium.java_client.ios.IOSDriver
Capabilities [{device.majorVersion=10.x, dontGoHomeOnQuit=false, device.os=iOS, noReset=false, dontStopAppOnReset=false, reservationDuration=240, reportFormat=xml, fullReset=false, platform=ANY, desired={app=cloud:com.experitest.ExperiBank, build.id=11, deviceQuery=@os='ios' and @category='PHONE', instrumentApp=true, bundleId=com.experitest.ExperiBank, reportDirectory=reports, reportFormat=xml, projectName=Default, platformName=iOS, testName=Untitled}, device.serialNumber=1e3289cb21bbb133c149e1e8529bde19dc31b91a, device.version=10.2.1, deviceQuery=@os='ios' and @category='PHONE', automationName=XCUITest, reportDirectory=reports, autoWebview=false, platformName=iOS, testName=Untitled, device.screenSize=640x1136, useKeystore=false, app=cloud:com.experitest.ExperiBank, build.id=11, cloudViewLink=http://stage.experitest.com:80/agent-20/#/xI4Te3gX3hFWG98v?1
Picked up Grid Node (seetest_7777)
Reserved Device : iPhone5_B13, instrumentApp=true, device.manufacture=Apple, device.category=PHONE, bundleId=cloud:com.experitest.ExperiBank, autoDismissAlerts=false, reportUrl=http://stage-reporter.experitest.com:80/#/test/2513, keystorePath=~/.android/debug.keystore, waitForDeviceTimeout=120000, device.model=iPhone 5s, device.name=iPhone5_B13, projectName=Default, gridNodePort=7777, autoAcceptAlerts=false}]
Session ID: CLOUD-SID:2017-10-11_23-39-25-ad1e1572-36da-4a91-a02b-048b5b7aa25c
*** Element info: {Using=tag name, value=H1}
	at sun.reflect.NativeConstructorAccessorImpl.newInstance0(Native Method)
	at sun.reflect.NativeConstructorAccessorImpl.newInstance(NativeConstructorAccessorImpl.java:62)
	at sun.reflect.DelegatingConstructorAccessorImpl.newInstance(DelegatingConstructorAccessorImpl.java:45)
	at java.lang.reflect.Constructor.newInstance(Constructor.java:423)
	at org.openqa.selenium.remote.ErrorHandler.createThrowable(ErrorHandler.java:206)
	at org.openqa.selenium.remote.ErrorHandler.throwIfResponseFailed(ErrorHandler.java:158)
	at org.openqa.selenium.remote.RemoteWebDriver.execute(RemoteWebDriver.java:678)
	at io.appium.java_client.DefaultGenericMobileDriver.execute(DefaultGenericMobileDriver.java:40)
	at io.appium.java_client.AppiumDriver.execute(AppiumDriver.java:1)
	at io.appium.java_client.ios.IOSDriver.execute(IOSDriver.java:1)
	at org.openqa.selenium.remote.RemoteWebDriver.findElement(RemoteWebDriver.java:363)
	at io.appium.java_client.DefaultGenericMobileDriver.findElement(DefaultGenericMobileDriver.java:56)
	at io.appium.java_client.AppiumDriver.findElement(AppiumDriver.java:1)
	at io.appium.java_client.ios.IOSDriver.findElement(IOSDriver.java:1)
	at org.openqa.selenium.remote.RemoteWebDriver.findElementByTagName(RemoteWebDriver.java:445)
	at io.appium.java_client.DefaultGenericMobileDriver.findElementByTagName(DefaultGenericMobileDriver.java:96)
	at io.appium.java_client.AppiumDriver.findElementByTagName(AppiumDriver.java:1)
	at io.appium.java_client.ios.IOSDriver.findElementByTagName(IOSDriver.java:1)
	at org.openqa.selenium.By$ByTagName.findElement(By.java:334)
	at org.openqa.selenium.remote.RemoteWebDriver.findElement(RemoteWebDriver.java:355)
	at io.appium.java_client.DefaultGenericMobileDriver.findElement(DefaultGenericMobileDriver.java:52)
	at io.appium.java_client.AppiumDriver.findElement(AppiumDriver.java:1)
	at io.appium.java_client.ios.IOSDriver.findElement(IOSDriver.java:1)
	at com.experitest.reporter.task.Login.login(Login.java:14)
	at sun.reflect.NativeMethodAccessorImpl.invoke0(Native Method)
	at sun.reflect.NativeMethodAccessorImpl.invoke(NativeMethodAccessorImpl.java:62)
	at sun.reflect.DelegatingMethodAccessorImpl.invoke(DelegatingMethodAccessorImpl.java:43)
	at java.lang.reflect.Method.invoke(Method.java:498)
	at org.testng.internal.MethodInvocationHelper.invokeMethod(MethodInvocationHelper.java:86)
	at org.testng.internal.Invoker.invokeMethod(Invoker.java:643)
	at org.testng.internal.Invoker.invokeTestMethod(Invoker.java:820)
	at org.testng.internal.Invoker.invokeTestMethods(Invoker.java:1128)
	at org.testng.internal.TestMethodWorker.invokeTestMethods(TestMethodWorker.java:129)
	at org.testng.internal.TestMethodWorker.run(TestMethodWorker.java:112)
	at org.testng.TestRunner.privateRun(TestRunner.java:782)
	at org.testng.TestRunner.run(TestRunner.java:632)
	at org.testng.SuiteRunner.runTest(SuiteRunner.java:366)
	at org.testng.SuiteRunner.access$000(SuiteRunner.java:39)
	at org.testng.SuiteRunner$SuiteWorker.run(SuiteRunner.java:400)
	at org.testng.internal.thread.ThreadUtil$2.call(ThreadUtil.java:64)
	at java.util.concurrent.FutureTask.run(FutureTask.java:266)
	at java.util.concurrent.ThreadPoolExecutor.runWorker(ThreadPoolExecutor.java:1142)
	at java.util.concurrent.ThreadPoolExecutor$Worker.run(ThreadPoolExecutor.java:617)
	at java.lang.Thread.run(Thread.java:745)
]]>
    </error>
  </testcase> <!-- login -->
  <testcase name="login" time="17.485" classname="com.experitest.reporter.task.Login">
    <error type="org.openqa.selenium.NoSuchElementException" message="no such element (An element could not be located on the page using the given search parameters (TAG_NAME=&#039;H1&#039;))  (WARNING: The server did not provide any stacktrace information)
Command duration or timeout: 1.89 seconds
For documentation on this error, please visit: http://seleniumhq.org/exceptions/no_such_element.html
Build info: version: &#039;2.53.1&#039;, revision: &#039;a36b8b1cd5757287168e54b817830adce9b0158d&#039;, time: &#039;2016-06-30 19:26:09&#039;
System info: host: &#039;DESKTOP-K72D0KT&#039;, ip: &#039;192.168.2.165&#039;, os.name: &#039;Windows 10&#039;, os.arch: &#039;amd64&#039;, os.version: &#039;10.0&#039;, java.version: &#039;1.8.0_101&#039;
Driver info: io.appium.java_client.ios.IOSDriver
Capabilities [{device.majorVersion=10.x, dontGoHomeOnQuit=false, device.os=iOS, noReset=false, dontStopAppOnReset=false, reservationDuration=240, reportFormat=xml, fullReset=false, platform=ANY, desired={app=cloud:com.experitest.ExperiBank, build.id=11, deviceQuery=@os=&#039;ios&#039; and @category=&#039;PHONE&#039;, instrumentApp=true, bundleId=com.experitest.ExperiBank, reportDirectory=reports, reportFormat=xml, projectName=Default, platformName=iOS, testName=Untitled}, device.serialNumber=7dc39287e84ae7c6f1459f9ba1b8e7d84a8fd002, device.version=10.2.1, deviceQuery=@os=&#039;ios&#039; and @category=&#039;PHONE&#039;, automationName=XCUITest, reportDirectory=reports, autoWebview=false, platformName=iOS, testName=Untitled, device.screenSize=1242x2208, useKeystore=false, app=cloud:com.experitest.ExperiBank, build.id=11, cloudViewLink=http://stage.experitest.com:80/agent-15/#/N0Ch0eIGhR9lCN5X?1
Picked up Grid Node (seetest_7777)
Reserved Device : iPhone6s-plus_B16, instrumentApp=true, device.manufacture=Apple, device.category=PHONE, bundleId=cloud:com.experitest.ExperiBank, autoDismissAlerts=false, reportUrl=http://stage-reporter.experitest.com:80/#/test/2514, keystorePath=~/.android/debug.keystore, waitForDeviceTimeout=120000, device.model=iPhone 6s+, device.name=iPhone6s-plus_B16, projectName=Default, gridNodePort=7777, autoAcceptAlerts=false}]
Session ID: CLOUD-SID:2017-10-11_23-39-25-071902f7-d7e3-4c12-9dfb-64dff6331363
*** Element info: {Using=tag name, value=H1}">
      <![CDATA[org.openqa.selenium.NoSuchElementException: no such element (An element could not be located on the page using the given search parameters (TAG_NAME='H1'))  (WARNING: The server did not provide any stacktrace information)
Command duration or timeout: 1.89 seconds
For documentation on this error, please visit: http://seleniumhq.org/exceptions/no_such_element.html
Build info: version: '2.53.1', revision: 'a36b8b1cd5757287168e54b817830adce9b0158d', time: '2016-06-30 19:26:09'
System info: host: 'DESKTOP-K72D0KT', ip: '192.168.2.165', os.name: 'Windows 10', os.arch: 'amd64', os.version: '10.0', java.version: '1.8.0_101'
Driver info: io.appium.java_client.ios.IOSDriver
Capabilities [{device.majorVersion=10.x, dontGoHomeOnQuit=false, device.os=iOS, noReset=false, dontStopAppOnReset=false, reservationDuration=240, reportFormat=xml, fullReset=false, platform=ANY, desired={app=cloud:com.experitest.ExperiBank, build.id=11, deviceQuery=@os='ios' and @category='PHONE', instrumentApp=true, bundleId=com.experitest.ExperiBank, reportDirectory=reports, reportFormat=xml, projectName=Default, platformName=iOS, testName=Untitled}, device.serialNumber=7dc39287e84ae7c6f1459f9ba1b8e7d84a8fd002, device.version=10.2.1, deviceQuery=@os='ios' and @category='PHONE', automationName=XCUITest, reportDirectory=reports, autoWebview=false, platformName=iOS, testName=Untitled, device.screenSize=1242x2208, useKeystore=false, app=cloud:com.experitest.ExperiBank, build.id=11, cloudViewLink=http://stage.experitest.com:80/agent-15/#/N0Ch0eIGhR9lCN5X?1
Picked up Grid Node (seetest_7777)
Reserved Device : iPhone6s-plus_B16, instrumentApp=true, device.manufacture=Apple, device.category=PHONE, bundleId=cloud:com.experitest.ExperiBank, autoDismissAlerts=false, reportUrl=http://stage-reporter.experitest.com:80/#/test/2514, keystorePath=~/.android/debug.keystore, waitForDeviceTimeout=120000, device.model=iPhone 6s+, device.name=iPhone6s-plus_B16, projectName=Default, gridNodePort=7777, autoAcceptAlerts=false}]
Session ID: CLOUD-SID:2017-10-11_23-39-25-071902f7-d7e3-4c12-9dfb-64dff6331363
*** Element info: {Using=tag name, value=H1}
	at sun.reflect.NativeConstructorAccessorImpl.newInstance0(Native Method)
	at sun.reflect.NativeConstructorAccessorImpl.newInstance(NativeConstructorAccessorImpl.java:62)
	at sun.reflect.DelegatingConstructorAccessorImpl.newInstance(DelegatingConstructorAccessorImpl.java:45)
	at java.lang.reflect.Constructor.newInstance(Constructor.java:423)
	at org.openqa.selenium.remote.ErrorHandler.createThrowable(ErrorHandler.java:206)
	at org.openqa.selenium.remote.ErrorHandler.throwIfResponseFailed(ErrorHandler.java:158)
	at org.openqa.selenium.remote.RemoteWebDriver.execute(RemoteWebDriver.java:678)
	at io.appium.java_client.DefaultGenericMobileDriver.execute(DefaultGenericMobileDriver.java:40)
	at io.appium.java_client.AppiumDriver.execute(AppiumDriver.java:1)
	at io.appium.java_client.ios.IOSDriver.execute(IOSDriver.java:1)
	at org.openqa.selenium.remote.RemoteWebDriver.findElement(RemoteWebDriver.java:363)
	at io.appium.java_client.DefaultGenericMobileDriver.findElement(DefaultGenericMobileDriver.java:56)
	at io.appium.java_client.AppiumDriver.findElement(AppiumDriver.java:1)
	at io.appium.java_client.ios.IOSDriver.findElement(IOSDriver.java:1)
	at org.openqa.selenium.remote.RemoteWebDriver.findElementByTagName(RemoteWebDriver.java:445)
	at io.appium.java_client.DefaultGenericMobileDriver.findElementByTagName(DefaultGenericMobileDriver.java:96)
	at io.appium.java_client.AppiumDriver.findElementByTagName(AppiumDriver.java:1)
	at io.appium.java_client.ios.IOSDriver.findElementByTagName(IOSDriver.java:1)
	at org.openqa.selenium.By$ByTagName.findElement(By.java:334)
	at org.openqa.selenium.remote.RemoteWebDriver.findElement(RemoteWebDriver.java:355)
	at io.appium.java_client.DefaultGenericMobileDriver.findElement(DefaultGenericMobileDriver.java:52)
	at io.appium.java_client.AppiumDriver.findElement(AppiumDriver.java:1)
	at io.appium.java_client.ios.IOSDriver.findElement(IOSDriver.java:1)
	at com.experitest.reporter.task.Login.login(Login.java:14)
	at sun.reflect.NativeMethodAccessorImpl.invoke0(Native Method)
	at sun.reflect.NativeMethodAccessorImpl.invoke(NativeMethodAccessorImpl.java:62)
	at sun.reflect.DelegatingMethodAccessorImpl.invoke(DelegatingMethodAccessorImpl.java:43)
	at java.lang.reflect.Method.invoke(Method.java:498)
	at org.testng.internal.MethodInvocationHelper.invokeMethod(MethodInvocationHelper.java:86)
	at org.testng.internal.Invoker.invokeMethod(Invoker.java:643)
	at org.testng.internal.Invoker.invokeTestMethod(Invoker.java:820)
	at org.testng.internal.Invoker.invokeTestMethods(Invoker.java:1128)
	at org.testng.internal.TestMethodWorker.invokeTestMethods(TestMethodWorker.java:129)
	at org.testng.internal.TestMethodWorker.run(TestMethodWorker.java:112)
	at org.testng.TestRunner.privateRun(TestRunner.java:782)
	at org.testng.TestRunner.run(TestRunner.java:632)
	at org.testng.SuiteRunner.runTest(SuiteRunner.java:366)
	at org.testng.SuiteRunner.access$000(SuiteRunner.java:39)
	at org.testng.SuiteRunner$SuiteWorker.run(SuiteRunner.java:400)
	at org.testng.internal.thread.ThreadUtil$2.call(ThreadUtil.java:64)
	at java.util.concurrent.FutureTask.run(FutureTask.java:266)
	at java.util.concurrent.ThreadPoolExecutor.runWorker(ThreadPoolExecutor.java:1142)
	at java.util.concurrent.ThreadPoolExecutor$Worker.run(ThreadPoolExecutor.java:617)
	at java.lang.Thread.run(Thread.java:745)
]]>
    </error>
  </testcase> <!-- login -->
</testsuite> <!-- com.experitest.reporter.task.Login -->
